Arguments: 
  /snap/node/4933/bin/node /snap/node/4933/bin/yarn.js add express ejs express-ejs-layouts nodemon

PATH: 
  /usr/local/sbin:/usr/local/bin:/usr/sbin:/usr/bin:/sbin:/bin:/usr/games:/usr/local/games:/snap/bin

Yarn version: 
  1.22.5

Node version: 
  14.17.3

Platform: 
  linux x64

Trace: 
  Error: getaddrinfo EAI_AGAIN registry.yarnpkg.com
      at GetAddrInfoReqWrap.onlookup [as oncomplete] (dns.js:69:26)

npm manifest: 
  {
    "name": "Backend",
    "version": "1.0.0",
    "main": "index.js",
    "license": "MIT",
    "author": "Oyegbile Praise"
  }

yarn manifest: 
  No manifest

Lockfile: 
  No lockfile
